  chunk.cpp
d:\documents\2-travaux en cours\cours de rendu -levieux\exercice 1\exercice 1\_engine\src\engine\utils\ny_utils.h(25): warning C4005: 'NAN' : macro redefinition
          c:\program files (x86)\microsoft visual studio 12.0\vc\include\math.h(106) : see previous definition of 'NAN'
d:\documents\2-travaux en cours\cours de rendu -levieux\exercice 1\exercice 1\_minecraft\src\objects\cube.h(58): warning C4305: '=' : truncation from 'double' to 'float'
d:\documents\2-travaux en cours\cours de rendu -levieux\exercice 1\exercice 1\_minecraft\src\objects\cube.h(59): warning C4305: '=' : truncation from 'double' to 'float'
d:\documents\2-travaux en cours\cours de rendu -levieux\exercice 1\exercice 1\_minecraft\src\objects\cube.h(97): warning C4305: '=' : truncation from 'double' to 'float'
d:\documents\2-travaux en cours\cours de rendu -levieux\exercice 1\exercice 1\_minecraft\src\objects\cube.h(98): warning C4305: '=' : truncation from 'double' to 'float'
d:\documents\2-travaux en cours\cours de rendu -levieux\exercice 1\exercice 1\_minecraft\src\objects\cube.h(124): warning C4244: '=' : conversion from 'double' to 'float', possible loss of data
d:\documents\2-travaux en cours\cours de rendu -levieux\exercice 1\exercice 1\_minecraft\src\objects\cube.h(125): warning C4244: '=' : conversion from 'double' to 'float', possible loss of data
d:\documents\2-travaux en cours\cours de rendu -levieux\exercice 1\exercice 1\_minecraft\src\objects\cube.h(126): warning C4244: '=' : conversion from 'double' to 'float', possible loss of data
d:\documents\2-travaux en cours\cours de rendu -levieux\exercice 1\exercice 1\_minecraft\src\objects\cube.h(128): warning C4244: '=' : conversion from 'double' to 'float', possible loss of data
d:\documents\2-travaux en cours\cours de rendu -levieux\exercice 1\exercice 1\_minecraft\src\objects\cube.h(129): warning C4244: '=' : conversion from 'double' to 'float', possible loss of data
d:\documents\2-travaux en cours\cours de rendu -levieux\exercice 1\exercice 1\_minecraft\src\objects\cube.h(130): warning C4244: '=' : conversion from 'double' to 'float', possible loss of data
d:\documents\2-travaux en cours\cours de rendu -levieux\exercice 1\exercice 1\_minecraft\src\objects\cube.h(132): warning C4244: '=' : conversion from 'double' to 'float', possible loss of data
d:\documents\2-travaux en cours\cours de rendu -levieux\exercice 1\exercice 1\_minecraft\src\objects\cube.h(133): warning C4244: '=' : conversion from 'double' to 'float', possible loss of data
d:\documents\2-travaux en cours\cours de rendu -levieux\exercice 1\exercice 1\_minecraft\src\objects\cube.h(134): warning C4244: '=' : conversion from 'double' to 'float', possible loss of data
d:\documents\2-travaux en cours\cours de rendu -levieux\exercice 1\exercice 1\_minecraft\src\objects\cube.h(150): warning C4244: '=' : conversion from 'double' to 'float', possible loss of data
d:\documents\2-travaux en cours\cours de rendu -levieux\exercice 1\exercice 1\_minecraft\src\objects\cube.h(151): warning C4244: '=' : conversion from 'double' to 'float', possible loss of data
d:\documents\2-travaux en cours\cours de rendu -levieux\exercice 1\exercice 1\_minecraft\src\objects\cube.h(152): warning C4244: '=' : conversion from 'double' to 'float', possible loss of data
d:\documents\2-travaux en cours\cours de rendu -levieux\exercice 1\exercice 1\_minecraft\src\objects\cube.h(154): warning C4244: '=' : conversion from 'double' to 'float', possible loss of data
d:\documents\2-travaux en cours\cours de rendu -levieux\exercice 1\exercice 1\_minecraft\src\objects\cube.h(155): warning C4244: '=' : conversion from 'double' to 'float', possible loss of data
d:\documents\2-travaux en cours\cours de rendu -levieux\exercice 1\exercice 1\_minecraft\src\objects\cube.h(156): warning C4244: '=' : conversion from 'double' to 'float', possible loss of data
d:\documents\2-travaux en cours\cours de rendu -levieux\exercice 1\exercice 1\_minecraft\src\objects\cube.h(158): warning C4244: '=' : conversion from 'double' to 'float', possible loss of data
d:\documents\2-travaux en cours\cours de rendu -levieux\exercice 1\exercice 1\_minecraft\src\objects\cube.h(159): warning C4244: '=' : conversion from 'double' to 'float', possible loss of data
d:\documents\2-travaux en cours\cours de rendu -levieux\exercice 1\exercice 1\_minecraft\src\objects\cube.h(160): warning C4244: '=' : conversion from 'double' to 'float', possible loss of data
d:\documents\2-travaux en cours\cours de rendu -levieux\exercice 1\exercice 1\_minecraft\src\objects\cube.h(178): warning C4244: '=' : conversion from 'double' to 'float', possible loss of data
d:\documents\2-travaux en cours\cours de rendu -levieux\exercice 1\exercice 1\_minecraft\src\objects\cube.h(179): warning C4244: '=' : conversion from 'double' to 'float', possible loss of data
d:\documents\2-travaux en cours\cours de rendu -levieux\exercice 1\exercice 1\_minecraft\src\objects\cube.h(180): warning C4244: '=' : conversion from 'double' to 'float', possible loss of data
d:\documents\2-travaux en cours\cours de rendu -levieux\exercice 1\exercice 1\_minecraft\src\objects\cube.h(182): warning C4244: '=' : conversion from 'double' to 'float', possible loss of data
d:\documents\2-travaux en cours\cours de rendu -levieux\exercice 1\exercice 1\_minecraft\src\objects\cube.h(183): warning C4244: '=' : conversion from 'double' to 'float', possible loss of data
d:\documents\2-travaux en cours\cours de rendu -levieux\exercice 1\exercice 1\_minecraft\src\objects\cube.h(184): warning C4244: '=' : conversion from 'double' to 'float', possible loss of data
d:\documents\2-travaux en cours\cours de rendu -levieux\exercice 1\exercice 1\_minecraft\src\objects\cube.h(186): warning C4244: '=' : conversion from 'double' to 'float', possible loss of data
d:\documents\2-travaux en cours\cours de rendu -levieux\exercice 1\exercice 1\_minecraft\src\objects\cube.h(187): warning C4244: '=' : conversion from 'double' to 'float', possible loss of data
d:\documents\2-travaux en cours\cours de rendu -levieux\exercice 1\exercice 1\_minecraft\src\objects\cube.h(188): warning C4244: '=' : conversion from 'double' to 'float', possible loss of data
d:\documents\2-travaux en cours\cours de rendu -levieux\exercice 1\exercice 1\_minecraft\src\objects\cube.h(204): warning C4244: '=' : conversion from 'double' to 'float', possible loss of data
d:\documents\2-travaux en cours\cours de rendu -levieux\exercice 1\exercice 1\_minecraft\src\objects\cube.h(205): warning C4244: '=' : conversion from 'double' to 'float', possible loss of data
d:\documents\2-travaux en cours\cours de rendu -levieux\exercice 1\exercice 1\_minecraft\src\objects\cube.h(206): warning C4244: '=' : conversion from 'double' to 'float', possible loss of data
d:\documents\2-travaux en cours\cours de rendu -levieux\exercice 1\exercice 1\_minecraft\src\objects\cube.h(208): warning C4244: '=' : conversion from 'double' to 'float', possible loss of data
d:\documents\2-travaux en cours\cours de rendu -levieux\exercice 1\exercice 1\_minecraft\src\objects\cube.h(209): warning C4244: '=' : conversion from 'double' to 'float', possible loss of data
d:\documents\2-travaux en cours\cours de rendu -levieux\exercice 1\exercice 1\_minecraft\src\objects\cube.h(210): warning C4244: '=' : conversion from 'double' to 'float', possible loss of data
d:\documents\2-travaux en cours\cours de rendu -levieux\exercice 1\exercice 1\_minecraft\src\objects\cube.h(212): warning C4244: '=' : conversion from 'double' to 'float', possible loss of data
d:\documents\2-travaux en cours\cours de rendu -levieux\exercice 1\exercice 1\_minecraft\src\objects\cube.h(213): warning C4244: '=' : conversion from 'double' to 'float', possible loss of data
d:\documents\2-travaux en cours\cours de rendu -levieux\exercice 1\exercice 1\_minecraft\src\objects\cube.h(214): warning C4244: '=' : conversion from 'double' to 'float', possible loss of data
d:\documents\2-travaux en cours\cours de rendu -levieux\exercice 1\exercice 1\_minecraft\src\objects\cube.h(231): warning C4244: '=' : conversion from 'double' to 'float', possible loss of data
d:\documents\2-travaux en cours\cours de rendu -levieux\exercice 1\exercice 1\_minecraft\src\objects\cube.h(232): warning C4244: '=' : conversion from 'double' to 'float', possible loss of data
d:\documents\2-travaux en cours\cours de rendu -levieux\exercice 1\exercice 1\_minecraft\src\objects\cube.h(233): warning C4244: '=' : conversion from 'double' to 'float', possible loss of data
d:\documents\2-travaux en cours\cours de rendu -levieux\exercice 1\exercice 1\_minecraft\src\objects\cube.h(235): warning C4244: '=' : conversion from 'double' to 'float', possible loss of data
d:\documents\2-travaux en cours\cours de rendu -levieux\exercice 1\exercice 1\_minecraft\src\objects\cube.h(236): warning C4244: '=' : conversion from 'double' to 'float', possible loss of data
d:\documents\2-travaux en cours\cours de rendu -levieux\exercice 1\exercice 1\_minecraft\src\objects\cube.h(237): warning C4244: '=' : conversion from 'double' to 'float', possible loss of data
d:\documents\2-travaux en cours\cours de rendu -levieux\exercice 1\exercice 1\_minecraft\src\objects\cube.h(239): warning C4244: '=' : conversion from 'double' to 'float', possible loss of data
d:\documents\2-travaux en cours\cours de rendu -levieux\exercice 1\exercice 1\_minecraft\src\objects\cube.h(240): warning C4244: '=' : conversion from 'double' to 'float', possible loss of data
d:\documents\2-travaux en cours\cours de rendu -levieux\exercice 1\exercice 1\_minecraft\src\objects\cube.h(241): warning C4244: '=' : conversion from 'double' to 'float', possible loss of data
d:\documents\2-travaux en cours\cours de rendu -levieux\exercice 1\exercice 1\_minecraft\src\objects\cube.h(257): warning C4244: '=' : conversion from 'double' to 'float', possible loss of data
d:\documents\2-travaux en cours\cours de rendu -levieux\exercice 1\exercice 1\_minecraft\src\objects\cube.h(258): warning C4244: '=' : conversion from 'double' to 'float', possible loss of data
d:\documents\2-travaux en cours\cours de rendu -levieux\exercice 1\exercice 1\_minecraft\src\objects\cube.h(259): warning C4244: '=' : conversion from 'double' to 'float', possible loss of data
d:\documents\2-travaux en cours\cours de rendu -levieux\exercice 1\exercice 1\_minecraft\src\objects\cube.h(261): warning C4244: '=' : conversion from 'double' to 'float', possible loss of data
d:\documents\2-travaux en cours\cours de rendu -levieux\exercice 1\exercice 1\_minecraft\src\objects\cube.h(262): warning C4244: '=' : conversion from 'double' to 'float', possible loss of data
d:\documents\2-travaux en cours\cours de rendu -levieux\exercice 1\exercice 1\_minecraft\src\objects\cube.h(263): warning C4244: '=' : conversion from 'double' to 'float', possible loss of data
d:\documents\2-travaux en cours\cours de rendu -levieux\exercice 1\exercice 1\_minecraft\src\objects\cube.h(265): warning C4244: '=' : conversion from 'double' to 'float', possible loss of data
d:\documents\2-travaux en cours\cours de rendu -levieux\exercice 1\exercice 1\_minecraft\src\objects\cube.h(266): warning C4244: '=' : conversion from 'double' to 'float', possible loss of data
d:\documents\2-travaux en cours\cours de rendu -levieux\exercice 1\exercice 1\_minecraft\src\objects\cube.h(267): warning C4244: '=' : conversion from 'double' to 'float', possible loss of data
d:\documents\2-travaux en cours\cours de rendu -levieux\exercice 1\exercice 1\_minecraft\src\objects\cube.h(285): warning C4244: '=' : conversion from 'double' to 'float', possible loss of data
d:\documents\2-travaux en cours\cours de rendu -levieux\exercice 1\exercice 1\_minecraft\src\objects\cube.h(286): warning C4244: '=' : conversion from 'double' to 'float', possible loss of data
d:\documents\2-travaux en cours\cours de rendu -levieux\exercice 1\exercice 1\_minecraft\src\objects\cube.h(287): warning C4244: '=' : conversion from 'double' to 'float', possible loss of data
d:\documents\2-travaux en cours\cours de rendu -levieux\exercice 1\exercice 1\_minecraft\src\objects\cube.h(289): warning C4244: '=' : conversion from 'double' to 'float', possible loss of data
d:\documents\2-travaux en cours\cours de rendu -levieux\exercice 1\exercice 1\_minecraft\src\objects\cube.h(290): warning C4244: '=' : conversion from 'double' to 'float', possible loss of data
d:\documents\2-travaux en cours\cours de rendu -levieux\exercice 1\exercice 1\_minecraft\src\objects\cube.h(291): warning C4244: '=' : conversion from 'double' to 'float', possible loss of data
d:\documents\2-travaux en cours\cours de rendu -levieux\exercice 1\exercice 1\_minecraft\src\objects\cube.h(293): warning C4244: '=' : conversion from 'double' to 'float', possible loss of data
d:\documents\2-travaux en cours\cours de rendu -levieux\exercice 1\exercice 1\_minecraft\src\objects\cube.h(294): warning C4244: '=' : conversion from 'double' to 'float', possible loss of data
d:\documents\2-travaux en cours\cours de rendu -levieux\exercice 1\exercice 1\_minecraft\src\objects\cube.h(295): warning C4244: '=' : conversion from 'double' to 'float', possible loss of data
d:\documents\2-travaux en cours\cours de rendu -levieux\exercice 1\exercice 1\_minecraft\src\objects\cube.h(311): warning C4244: '=' : conversion from 'double' to 'float', possible loss of data
d:\documents\2-travaux en cours\cours de rendu -levieux\exercice 1\exercice 1\_minecraft\src\objects\cube.h(312): warning C4244: '=' : conversion from 'double' to 'float', possible loss of data
d:\documents\2-travaux en cours\cours de rendu -levieux\exercice 1\exercice 1\_minecraft\src\objects\cube.h(313): warning C4244: '=' : conversion from 'double' to 'float', possible loss of data
d:\documents\2-travaux en cours\cours de rendu -levieux\exercice 1\exercice 1\_minecraft\src\objects\cube.h(315): warning C4244: '=' : conversion from 'double' to 'float', possible loss of data
d:\documents\2-travaux en cours\cours de rendu -levieux\exercice 1\exercice 1\_minecraft\src\objects\cube.h(316): warning C4244: '=' : conversion from 'double' to 'float', possible loss of data
d:\documents\2-travaux en cours\cours de rendu -levieux\exercice 1\exercice 1\_minecraft\src\objects\cube.h(317): warning C4244: '=' : conversion from 'double' to 'float', possible loss of data
d:\documents\2-travaux en cours\cours de rendu -levieux\exercice 1\exercice 1\_minecraft\src\objects\cube.h(319): warning C4244: '=' : conversion from 'double' to 'float', possible loss of data
d:\documents\2-travaux en cours\cours de rendu -levieux\exercice 1\exercice 1\_minecraft\src\objects\cube.h(320): warning C4244: '=' : conversion from 'double' to 'float', possible loss of data
d:\documents\2-travaux en cours\cours de rendu -levieux\exercice 1\exercice 1\_minecraft\src\objects\cube.h(321): warning C4244: '=' : conversion from 'double' to 'float', possible loss of data
d:\documents\2-travaux en cours\cours de rendu -levieux\exercice 1\exercice 1\_minecraft\src\objects\cube.h(340): warning C4244: '=' : conversion from 'double' to 'float', possible loss of data
d:\documents\2-travaux en cours\cours de rendu -levieux\exercice 1\exercice 1\_minecraft\src\objects\cube.h(341): warning C4244: '=' : conversion from 'double' to 'float', possible loss of data
d:\documents\2-travaux en cours\cours de rendu -levieux\exercice 1\exercice 1\_minecraft\src\objects\cube.h(342): warning C4244: '=' : conversion from 'double' to 'float', possible loss of data
d:\documents\2-travaux en cours\cours de rendu -levieux\exercice 1\exercice 1\_minecraft\src\objects\cube.h(344): warning C4244: '=' : conversion from 'double' to 'float', possible loss of data
d:\documents\2-travaux en cours\cours de rendu -levieux\exercice 1\exercice 1\_minecraft\src\objects\cube.h(345): warning C4244: '=' : conversion from 'double' to 'float', possible loss of data
d:\documents\2-travaux en cours\cours de rendu -levieux\exercice 1\exercice 1\_minecraft\src\objects\cube.h(346): warning C4244: '=' : conversion from 'double' to 'float', possible loss of data
d:\documents\2-travaux en cours\cours de rendu -levieux\exercice 1\exercice 1\_minecraft\src\objects\cube.h(348): warning C4244: '=' : conversion from 'double' to 'float', possible loss of data
d:\documents\2-travaux en cours\cours de rendu -levieux\exercice 1\exercice 1\_minecraft\src\objects\cube.h(349): warning C4244: '=' : conversion from 'double' to 'float', possible loss of data
d:\documents\2-travaux en cours\cours de rendu -levieux\exercice 1\exercice 1\_minecraft\src\objects\cube.h(350): warning C4244: '=' : conversion from 'double' to 'float', possible loss of data
d:\documents\2-travaux en cours\cours de rendu -levieux\exercice 1\exercice 1\_minecraft\src\objects\cube.h(366): warning C4244: '=' : conversion from 'double' to 'float', possible loss of data
d:\documents\2-travaux en cours\cours de rendu -levieux\exercice 1\exercice 1\_minecraft\src\objects\cube.h(367): warning C4244: '=' : conversion from 'double' to 'float', possible loss of data
d:\documents\2-travaux en cours\cours de rendu -levieux\exercice 1\exercice 1\_minecraft\src\objects\cube.h(368): warning C4244: '=' : conversion from 'double' to 'float', possible loss of data
d:\documents\2-travaux en cours\cours de rendu -levieux\exercice 1\exercice 1\_minecraft\src\objects\cube.h(370): warning C4244: '=' : conversion from 'double' to 'float', possible loss of data
d:\documents\2-travaux en cours\cours de rendu -levieux\exercice 1\exercice 1\_minecraft\src\objects\cube.h(371): warning C4244: '=' : conversion from 'double' to 'float', possible loss of data
d:\documents\2-travaux en cours\cours de rendu -levieux\exercice 1\exercice 1\_minecraft\src\objects\cube.h(372): warning C4244: '=' : conversion from 'double' to 'float', possible loss of data
d:\documents\2-travaux en cours\cours de rendu -levieux\exercice 1\exercice 1\_minecraft\src\objects\cube.h(374): warning C4244: '=' : conversion from 'double' to 'float', possible loss of data
d:\documents\2-travaux en cours\cours de rendu -levieux\exercice 1\exercice 1\_minecraft\src\objects\cube.h(375): warning C4244: '=' : conversion from 'double' to 'float', possible loss of data
d:\documents\2-travaux en cours\cours de rendu -levieux\exercice 1\exercice 1\_minecraft\src\objects\cube.h(376): warning C4244: '=' : conversion from 'double' to 'float', possible loss of data
d:\documents\2-travaux en cours\cours de rendu -levieux\exercice 1\exercice 1\_minecraft\src\objects\cube.h(395): warning C4244: '=' : conversion from 'double' to 'float', possible loss of data
d:\documents\2-travaux en cours\cours de rendu -levieux\exercice 1\exercice 1\_minecraft\src\objects\cube.h(396): warning C4244: '=' : conversion from 'double' to 'float', possible loss of data
d:\documents\2-travaux en cours\cours de rendu -levieux\exercice 1\exercice 1\_minecraft\src\objects\cube.h(397): warning C4244: '=' : conversion from 'double' to 'float', possible loss of data
d:\documents\2-travaux en cours\cours de rendu -levieux\exercice 1\exercice 1\_minecraft\src\objects\cube.h(399): warning C4244: '=' : conversion from 'double' to 'float', possible loss of data
d:\documents\2-travaux en cours\cours de rendu -levieux\exercice 1\exercice 1\_minecraft\src\objects\cube.h(400): warning C4244: '=' : conversion from 'double' to 'float', possible loss of data
d:\documents\2-travaux en cours\cours de rendu -levieux\exercice 1\exercice 1\_minecraft\src\objects\cube.h(401): warning C4244: '=' : conversion from 'double' to 'float', possible loss of data
d:\documents\2-travaux en cours\cours de rendu -levieux\exercice 1\exercice 1\_minecraft\src\objects\cube.h(403): warning C4244: '=' : conversion from 'double' to 'float', possible loss of data
d:\documents\2-travaux en cours\cours de rendu -levieux\exercice 1\exercice 1\_minecraft\src\objects\cube.h(404): warning C4244: '=' : conversion from 'double' to 'float', possible loss of data
d:\documents\2-travaux en cours\cours de rendu -levieux\exercice 1\exercice 1\_minecraft\src\objects\cube.h(405): warning C4244: '=' : conversion from 'double' to 'float', possible loss of data
d:\documents\2-travaux en cours\cours de rendu -levieux\exercice 1\exercice 1\_minecraft\src\objects\cube.h(421): warning C4244: '=' : conversion from 'double' to 'float', possible loss of data
d:\documents\2-travaux en cours\cours de rendu -levieux\exercice 1\exercice 1\_minecraft\src\objects\cube.h(422): warning C4244: '=' : conversion from 'double' to 'float', possible loss of data
d:\documents\2-travaux en cours\cours de rendu -levieux\exercice 1\exercice 1\_minecraft\src\objects\cube.h(423): warning C4244: '=' : conversion from 'double' to 'float', possible loss of data
d:\documents\2-travaux en cours\cours de rendu -levieux\exercice 1\exercice 1\_minecraft\src\objects\cube.h(425): warning C4244: '=' : conversion from 'double' to 'float', possible loss of data
d:\documents\2-travaux en cours\cours de rendu -levieux\exercice 1\exercice 1\_minecraft\src\objects\cube.h(426): warning C4244: '=' : conversion from 'double' to 'float', possible loss of data
d:\documents\2-travaux en cours\cours de rendu -levieux\exercice 1\exercice 1\_minecraft\src\objects\cube.h(427): warning C4244: '=' : conversion from 'double' to 'float', possible loss of data
d:\documents\2-travaux en cours\cours de rendu -levieux\exercice 1\exercice 1\_minecraft\src\objects\cube.h(429): warning C4244: '=' : conversion from 'double' to 'float', possible loss of data
d:\documents\2-travaux en cours\cours de rendu -levieux\exercice 1\exercice 1\_minecraft\src\objects\cube.h(430): warning C4244: '=' : conversion from 'double' to 'float', possible loss of data
d:\documents\2-travaux en cours\cours de rendu -levieux\exercice 1\exercice 1\_minecraft\src\objects\cube.h(431): warning C4244: '=' : conversion from 'double' to 'float', possible loss of data
  Generating Code...
  Compiling...
  main.cpp
d:\documents\2-travaux en cours\cours de rendu -levieux\exercice 1\exercice 1\_engine\src\engine\utils\ny_utils.h(25): warning C4005: 'NAN' : macro redefinition
          c:\program files (x86)\microsoft visual studio 12.0\vc\include\math.h(106) : see previous definition of 'NAN'
d:\documents\2-travaux en cours\cours de rendu -levieux\exercice 1\exercice 1\_minecraft\src\objects\cube.h(58): warning C4305: '=' : truncation from 'double' to 'float'
d:\documents\2-travaux en cours\cours de rendu -levieux\exercice 1\exercice 1\_minecraft\src\objects\cube.h(59): warning C4305: '=' : truncation from 'double' to 'float'
d:\documents\2-travaux en cours\cours de rendu -levieux\exercice 1\exercice 1\_minecraft\src\objects\cube.h(97): warning C4305: '=' : truncation from 'double' to 'float'
d:\documents\2-travaux en cours\cours de rendu -levieux\exercice 1\exercice 1\_minecraft\src\objects\cube.h(98): warning C4305: '=' : truncation from 'double' to 'float'
d:\documents\2-travaux en cours\cours de rendu -levieux\exercice 1\exercice 1\_minecraft\src\objects\cube.h(124): warning C4244: '=' : conversion from 'double' to 'float', possible loss of data
d:\documents\2-travaux en cours\cours de rendu -levieux\exercice 1\exercice 1\_minecraft\src\objects\cube.h(125): warning C4244: '=' : conversion from 'double' to 'float', possible loss of data
d:\documents\2-travaux en cours\cours de rendu -levieux\exercice 1\exercice 1\_minecraft\src\objects\cube.h(126): warning C4244: '=' : conversion from 'double' to 'float', possible loss of data
d:\documents\2-travaux en cours\cours de rendu -levieux\exercice 1\exercice 1\_minecraft\src\objects\cube.h(128): warning C4244: '=' : conversion from 'double' to 'float', possible loss of data
d:\documents\2-travaux en cours\cours de rendu -levieux\exercice 1\exercice 1\_minecraft\src\objects\cube.h(129): warning C4244: '=' : conversion from 'double' to 'float', possible loss of data
d:\documents\2-travaux en cours\cours de rendu -levieux\exercice 1\exercice 1\_minecraft\src\objects\cube.h(130): warning C4244: '=' : conversion from 'double' to 'float', possible loss of data
d:\documents\2-travaux en cours\cours de rendu -levieux\exercice 1\exercice 1\_minecraft\src\objects\cube.h(132): warning C4244: '=' : conversion from 'double' to 'float', possible loss of data
d:\documents\2-travaux en cours\cours de rendu -levieux\exercice 1\exercice 1\_minecraft\src\objects\cube.h(133): warning C4244: '=' : conversion from 'double' to 'float', possible loss of data
d:\documents\2-travaux en cours\cours de rendu -levieux\exercice 1\exercice 1\_minecraft\src\objects\cube.h(134): warning C4244: '=' : conversion from 'double' to 'float', possible loss of data
d:\documents\2-travaux en cours\cours de rendu -levieux\exercice 1\exercice 1\_minecraft\src\objects\cube.h(150): warning C4244: '=' : conversion from 'double' to 'float', possible loss of data
d:\documents\2-travaux en cours\cours de rendu -levieux\exercice 1\exercice 1\_minecraft\src\objects\cube.h(151): warning C4244: '=' : conversion from 'double' to 'float', possible loss of data
d:\documents\2-travaux en cours\cours de rendu -levieux\exercice 1\exercice 1\_minecraft\src\objects\cube.h(152): warning C4244: '=' : conversion from 'double' to 'float', possible loss of data
d:\documents\2-travaux en cours\cours de rendu -levieux\exercice 1\exercice 1\_minecraft\src\objects\cube.h(154): warning C4244: '=' : conversion from 'double' to 'float', possible loss of data
d:\documents\2-travaux en cours\cours de rendu -levieux\exercice 1\exercice 1\_minecraft\src\objects\cube.h(155): warning C4244: '=' : conversion from 'double' to 'float', possible loss of data
d:\documents\2-travaux en cours\cours de rendu -levieux\exercice 1\exercice 1\_minecraft\src\objects\cube.h(156): warning C4244: '=' : conversion from 'double' to 'float', possible loss of data
d:\documents\2-travaux en cours\cours de rendu -levieux\exercice 1\exercice 1\_minecraft\src\objects\cube.h(158): warning C4244: '=' : conversion from 'double' to 'float', possible loss of data
d:\documents\2-travaux en cours\cours de rendu -levieux\exercice 1\exercice 1\_minecraft\src\objects\cube.h(159): warning C4244: '=' : conversion from 'double' to 'float', possible loss of data
d:\documents\2-travaux en cours\cours de rendu -levieux\exercice 1\exercice 1\_minecraft\src\objects\cube.h(160): warning C4244: '=' : conversion from 'double' to 'float', possible loss of data
d:\documents\2-travaux en cours\cours de rendu -levieux\exercice 1\exercice 1\_minecraft\src\objects\cube.h(178): warning C4244: '=' : conversion from 'double' to 'float', possible loss of data
d:\documents\2-travaux en cours\cours de rendu -levieux\exercice 1\exercice 1\_minecraft\src\objects\cube.h(179): warning C4244: '=' : conversion from 'double' to 'float', possible loss of data
d:\documents\2-travaux en cours\cours de rendu -levieux\exercice 1\exercice 1\_minecraft\src\objects\cube.h(180): warning C4244: '=' : conversion from 'double' to 'float', possible loss of data
d:\documents\2-travaux en cours\cours de rendu -levieux\exercice 1\exercice 1\_minecraft\src\objects\cube.h(182): warning C4244: '=' : conversion from 'double' to 'float', possible loss of data
d:\documents\2-travaux en cours\cours de rendu -levieux\exercice 1\exercice 1\_minecraft\src\objects\cube.h(183): warning C4244: '=' : conversion from 'double' to 'float', possible loss of data
d:\documents\2-travaux en cours\cours de rendu -levieux\exercice 1\exercice 1\_minecraft\src\objects\cube.h(184): warning C4244: '=' : conversion from 'double' to 'float', possible loss of data
d:\documents\2-travaux en cours\cours de rendu -levieux\exercice 1\exercice 1\_minecraft\src\objects\cube.h(186): warning C4244: '=' : conversion from 'double' to 'float', possible loss of data
d:\documents\2-travaux en cours\cours de rendu -levieux\exercice 1\exercice 1\_minecraft\src\objects\cube.h(187): warning C4244: '=' : conversion from 'double' to 'float', possible loss of data
d:\documents\2-travaux en cours\cours de rendu -levieux\exercice 1\exercice 1\_minecraft\src\objects\cube.h(188): warning C4244: '=' : conversion from 'double' to 'float', possible loss of data
d:\documents\2-travaux en cours\cours de rendu -levieux\exercice 1\exercice 1\_minecraft\src\objects\cube.h(204): warning C4244: '=' : conversion from 'double' to 'float', possible loss of data
d:\documents\2-travaux en cours\cours de rendu -levieux\exercice 1\exercice 1\_minecraft\src\objects\cube.h(205): warning C4244: '=' : conversion from 'double' to 'float', possible loss of data
d:\documents\2-travaux en cours\cours de rendu -levieux\exercice 1\exercice 1\_minecraft\src\objects\cube.h(206): warning C4244: '=' : conversion from 'double' to 'float', possible loss of data
d:\documents\2-travaux en cours\cours de rendu -levieux\exercice 1\exercice 1\_minecraft\src\objects\cube.h(208): warning C4244: '=' : conversion from 'double' to 'float', possible loss of data
d:\documents\2-travaux en cours\cours de rendu -levieux\exercice 1\exercice 1\_minecraft\src\objects\cube.h(209): warning C4244: '=' : conversion from 'double' to 'float', possible loss of data
d:\documents\2-travaux en cours\cours de rendu -levieux\exercice 1\exercice 1\_minecraft\src\objects\cube.h(210): warning C4244: '=' : conversion from 'double' to 'float', possible loss of data
d:\documents\2-travaux en cours\cours de rendu -levieux\exercice 1\exercice 1\_minecraft\src\objects\cube.h(212): warning C4244: '=' : conversion from 'double' to 'float', possible loss of data
d:\documents\2-travaux en cours\cours de rendu -levieux\exercice 1\exercice 1\_minecraft\src\objects\cube.h(213): warning C4244: '=' : conversion from 'double' to 'float', possible loss of data
d:\documents\2-travaux en cours\cours de rendu -levieux\exercice 1\exercice 1\_minecraft\src\objects\cube.h(214): warning C4244: '=' : conversion from 'double' to 'float', possible loss of data
d:\documents\2-travaux en cours\cours de rendu -levieux\exercice 1\exercice 1\_minecraft\src\objects\cube.h(231): warning C4244: '=' : conversion from 'double' to 'float', possible loss of data
d:\documents\2-travaux en cours\cours de rendu -levieux\exercice 1\exercice 1\_minecraft\src\objects\cube.h(232): warning C4244: '=' : conversion from 'double' to 'float', possible loss of data
d:\documents\2-travaux en cours\cours de rendu -levieux\exercice 1\exercice 1\_minecraft\src\objects\cube.h(233): warning C4244: '=' : conversion from 'double' to 'float', possible loss of data
d:\documents\2-travaux en cours\cours de rendu -levieux\exercice 1\exercice 1\_minecraft\src\objects\cube.h(235): warning C4244: '=' : conversion from 'double' to 'float', possible loss of data
d:\documents\2-travaux en cours\cours de rendu -levieux\exercice 1\exercice 1\_minecraft\src\objects\cube.h(236): warning C4244: '=' : conversion from 'double' to 'float', possible loss of data
d:\documents\2-travaux en cours\cours de rendu -levieux\exercice 1\exercice 1\_minecraft\src\objects\cube.h(237): warning C4244: '=' : conversion from 'double' to 'float', possible loss of data
d:\documents\2-travaux en cours\cours de rendu -levieux\exercice 1\exercice 1\_minecraft\src\objects\cube.h(239): warning C4244: '=' : conversion from 'double' to 'float', possible loss of data
d:\documents\2-travaux en cours\cours de rendu -levieux\exercice 1\exercice 1\_minecraft\src\objects\cube.h(240): warning C4244: '=' : conversion from 'double' to 'float', possible loss of data
d:\documents\2-travaux en cours\cours de rendu -levieux\exercice 1\exercice 1\_minecraft\src\objects\cube.h(241): warning C4244: '=' : conversion from 'double' to 'float', possible loss of data
d:\documents\2-travaux en cours\cours de rendu -levieux\exercice 1\exercice 1\_minecraft\src\objects\cube.h(257): warning C4244: '=' : conversion from 'double' to 'float', possible loss of data
d:\documents\2-travaux en cours\cours de rendu -levieux\exercice 1\exercice 1\_minecraft\src\objects\cube.h(258): warning C4244: '=' : conversion from 'double' to 'float', possible loss of data
d:\documents\2-travaux en cours\cours de rendu -levieux\exercice 1\exercice 1\_minecraft\src\objects\cube.h(259): warning C4244: '=' : conversion from 'double' to 'float', possible loss of data
d:\documents\2-travaux en cours\cours de rendu -levieux\exercice 1\exercice 1\_minecraft\src\objects\cube.h(261): warning C4244: '=' : conversion from 'double' to 'float', possible loss of data
d:\documents\2-travaux en cours\cours de rendu -levieux\exercice 1\exercice 1\_minecraft\src\objects\cube.h(262): warning C4244: '=' : conversion from 'double' to 'float', possible loss of data
d:\documents\2-travaux en cours\cours de rendu -levieux\exercice 1\exercice 1\_minecraft\src\objects\cube.h(263): warning C4244: '=' : conversion from 'double' to 'float', possible loss of data
d:\documents\2-travaux en cours\cours de rendu -levieux\exercice 1\exercice 1\_minecraft\src\objects\cube.h(265): warning C4244: '=' : conversion from 'double' to 'float', possible loss of data
d:\documents\2-travaux en cours\cours de rendu -levieux\exercice 1\exercice 1\_minecraft\src\objects\cube.h(266): warning C4244: '=' : conversion from 'double' to 'float', possible loss of data
d:\documents\2-travaux en cours\cours de rendu -levieux\exercice 1\exercice 1\_minecraft\src\objects\cube.h(267): warning C4244: '=' : conversion from 'double' to 'float', possible loss of data
d:\documents\2-travaux en cours\cours de rendu -levieux\exercice 1\exercice 1\_minecraft\src\objects\cube.h(285): warning C4244: '=' : conversion from 'double' to 'float', possible loss of data
d:\documents\2-travaux en cours\cours de rendu -levieux\exercice 1\exercice 1\_minecraft\src\objects\cube.h(286): warning C4244: '=' : conversion from 'double' to 'float', possible loss of data
d:\documents\2-travaux en cours\cours de rendu -levieux\exercice 1\exercice 1\_minecraft\src\objects\cube.h(287): warning C4244: '=' : conversion from 'double' to 'float', possible loss of data
d:\documents\2-travaux en cours\cours de rendu -levieux\exercice 1\exercice 1\_minecraft\src\objects\cube.h(289): warning C4244: '=' : conversion from 'double' to 'float', possible loss of data
d:\documents\2-travaux en cours\cours de rendu -levieux\exercice 1\exercice 1\_minecraft\src\objects\cube.h(290): warning C4244: '=' : conversion from 'double' to 'float', possible loss of data
d:\documents\2-travaux en cours\cours de rendu -levieux\exercice 1\exercice 1\_minecraft\src\objects\cube.h(291): warning C4244: '=' : conversion from 'double' to 'float', possible loss of data
d:\documents\2-travaux en cours\cours de rendu -levieux\exercice 1\exercice 1\_minecraft\src\objects\cube.h(293): warning C4244: '=' : conversion from 'double' to 'float', possible loss of data
d:\documents\2-travaux en cours\cours de rendu -levieux\exercice 1\exercice 1\_minecraft\src\objects\cube.h(294): warning C4244: '=' : conversion from 'double' to 'float', possible loss of data
d:\documents\2-travaux en cours\cours de rendu -levieux\exercice 1\exercice 1\_minecraft\src\objects\cube.h(295): warning C4244: '=' : conversion from 'double' to 'float', possible loss of data
d:\documents\2-travaux en cours\cours de rendu -levieux\exercice 1\exercice 1\_minecraft\src\objects\cube.h(311): warning C4244: '=' : conversion from 'double' to 'float', possible loss of data
d:\documents\2-travaux en cours\cours de rendu -levieux\exercice 1\exercice 1\_minecraft\src\objects\cube.h(312): warning C4244: '=' : conversion from 'double' to 'float', possible loss of data
d:\documents\2-travaux en cours\cours de rendu -levieux\exercice 1\exercice 1\_minecraft\src\objects\cube.h(313): warning C4244: '=' : conversion from 'double' to 'float', possible loss of data
d:\documents\2-travaux en cours\cours de rendu -levieux\exercice 1\exercice 1\_minecraft\src\objects\cube.h(315): warning C4244: '=' : conversion from 'double' to 'float', possible loss of data
d:\documents\2-travaux en cours\cours de rendu -levieux\exercice 1\exercice 1\_minecraft\src\objects\cube.h(316): warning C4244: '=' : conversion from 'double' to 'float', possible loss of data
d:\documents\2-travaux en cours\cours de rendu -levieux\exercice 1\exercice 1\_minecraft\src\objects\cube.h(317): warning C4244: '=' : conversion from 'double' to 'float', possible loss of data
d:\documents\2-travaux en cours\cours de rendu -levieux\exercice 1\exercice 1\_minecraft\src\objects\cube.h(319): warning C4244: '=' : conversion from 'double' to 'float', possible loss of data
d:\documents\2-travaux en cours\cours de rendu -levieux\exercice 1\exercice 1\_minecraft\src\objects\cube.h(320): warning C4244: '=' : conversion from 'double' to 'float', possible loss of data
d:\documents\2-travaux en cours\cours de rendu -levieux\exercice 1\exercice 1\_minecraft\src\objects\cube.h(321): warning C4244: '=' : conversion from 'double' to 'float', possible loss of data
d:\documents\2-travaux en cours\cours de rendu -levieux\exercice 1\exercice 1\_minecraft\src\objects\cube.h(340): warning C4244: '=' : conversion from 'double' to 'float', possible loss of data
d:\documents\2-travaux en cours\cours de rendu -levieux\exercice 1\exercice 1\_minecraft\src\objects\cube.h(341): warning C4244: '=' : conversion from 'double' to 'float', possible loss of data
d:\documents\2-travaux en cours\cours de rendu -levieux\exercice 1\exercice 1\_minecraft\src\objects\cube.h(342): warning C4244: '=' : conversion from 'double' to 'float', possible loss of data
d:\documents\2-travaux en cours\cours de rendu -levieux\exercice 1\exercice 1\_minecraft\src\objects\cube.h(344): warning C4244: '=' : conversion from 'double' to 'float', possible loss of data
d:\documents\2-travaux en cours\cours de rendu -levieux\exercice 1\exercice 1\_minecraft\src\objects\cube.h(345): warning C4244: '=' : conversion from 'double' to 'float', possible loss of data
d:\documents\2-travaux en cours\cours de rendu -levieux\exercice 1\exercice 1\_minecraft\src\objects\cube.h(346): warning C4244: '=' : conversion from 'double' to 'float', possible loss of data
d:\documents\2-travaux en cours\cours de rendu -levieux\exercice 1\exercice 1\_minecraft\src\objects\cube.h(348): warning C4244: '=' : conversion from 'double' to 'float', possible loss of data
d:\documents\2-travaux en cours\cours de rendu -levieux\exercice 1\exercice 1\_minecraft\src\objects\cube.h(349): warning C4244: '=' : conversion from 'double' to 'float', possible loss of data
d:\documents\2-travaux en cours\cours de rendu -levieux\exercice 1\exercice 1\_minecraft\src\objects\cube.h(350): warning C4244: '=' : conversion from 'double' to 'float', possible loss of data
d:\documents\2-travaux en cours\cours de rendu -levieux\exercice 1\exercice 1\_minecraft\src\objects\cube.h(366): warning C4244: '=' : conversion from 'double' to 'float', possible loss of data
d:\documents\2-travaux en cours\cours de rendu -levieux\exercice 1\exercice 1\_minecraft\src\objects\cube.h(367): warning C4244: '=' : conversion from 'double' to 'float', possible loss of data
d:\documents\2-travaux en cours\cours de rendu -levieux\exercice 1\exercice 1\_minecraft\src\objects\cube.h(368): warning C4244: '=' : conversion from 'double' to 'float', possible loss of data
d:\documents\2-travaux en cours\cours de rendu -levieux\exercice 1\exercice 1\_minecraft\src\objects\cube.h(370): warning C4244: '=' : conversion from 'double' to 'float', possible loss of data
d:\documents\2-travaux en cours\cours de rendu -levieux\exercice 1\exercice 1\_minecraft\src\objects\cube.h(371): warning C4244: '=' : conversion from 'double' to 'float', possible loss of data
d:\documents\2-travaux en cours\cours de rendu -levieux\exercice 1\exercice 1\_minecraft\src\objects\cube.h(372): warning C4244: '=' : conversion from 'double' to 'float', possible loss of data
d:\documents\2-travaux en cours\cours de rendu -levieux\exercice 1\exercice 1\_minecraft\src\objects\cube.h(374): warning C4244: '=' : conversion from 'double' to 'float', possible loss of data
d:\documents\2-travaux en cours\cours de rendu -levieux\exercice 1\exercice 1\_minecraft\src\objects\cube.h(375): warning C4244: '=' : conversion from 'double' to 'float', possible loss of data
d:\documents\2-travaux en cours\cours de rendu -levieux\exercice 1\exercice 1\_minecraft\src\objects\cube.h(376): warning C4244: '=' : conversion from 'double' to 'float', possible loss of data
d:\documents\2-travaux en cours\cours de rendu -levieux\exercice 1\exercice 1\_minecraft\src\objects\cube.h(395): warning C4244: '=' : conversion from 'double' to 'float', possible loss of data
d:\documents\2-travaux en cours\cours de rendu -levieux\exercice 1\exercice 1\_minecraft\src\objects\cube.h(396): warning C4244: '=' : conversion from 'double' to 'float', possible loss of data
d:\documents\2-travaux en cours\cours de rendu -levieux\exercice 1\exercice 1\_minecraft\src\objects\cube.h(397): warning C4244: '=' : conversion from 'double' to 'float', possible loss of data
d:\documents\2-travaux en cours\cours de rendu -levieux\exercice 1\exercice 1\_minecraft\src\objects\cube.h(399): warning C4244: '=' : conversion from 'double' to 'float', possible loss of data
d:\documents\2-travaux en cours\cours de rendu -levieux\exercice 1\exercice 1\_minecraft\src\objects\cube.h(400): warning C4244: '=' : conversion from 'double' to 'float', possible loss of data
d:\documents\2-travaux en cours\cours de rendu -levieux\exercice 1\exercice 1\_minecraft\src\objects\cube.h(401): warning C4244: '=' : conversion from 'double' to 'float', possible loss of data
d:\documents\2-travaux en cours\cours de rendu -levieux\exercice 1\exercice 1\_minecraft\src\objects\cube.h(403): warning C4244: '=' : conversion from 'double' to 'float', possible loss of data
d:\documents\2-travaux en cours\cours de rendu -levieux\exercice 1\exercice 1\_minecraft\src\objects\cube.h(404): warning C4244: '=' : conversion from 'double' to 'float', possible loss of data
d:\documents\2-travaux en cours\cours de rendu -levieux\exercice 1\exercice 1\_minecraft\src\objects\cube.h(405): warning C4244: '=' : conversion from 'double' to 'float', possible loss of data
d:\documents\2-travaux en cours\cours de rendu -levieux\exercice 1\exercice 1\_minecraft\src\objects\cube.h(421): warning C4244: '=' : conversion from 'double' to 'float', possible loss of data
d:\documents\2-travaux en cours\cours de rendu -levieux\exercice 1\exercice 1\_minecraft\src\objects\cube.h(422): warning C4244: '=' : conversion from 'double' to 'float', possible loss of data
d:\documents\2-travaux en cours\cours de rendu -levieux\exercice 1\exercice 1\_minecraft\src\objects\cube.h(423): warning C4244: '=' : conversion from 'double' to 'float', possible loss of data
d:\documents\2-travaux en cours\cours de rendu -levieux\exercice 1\exercice 1\_minecraft\src\objects\cube.h(425): warning C4244: '=' : conversion from 'double' to 'float', possible loss of data
d:\documents\2-travaux en cours\cours de rendu -levieux\exercice 1\exercice 1\_minecraft\src\objects\cube.h(426): warning C4244: '=' : conversion from 'double' to 'float', possible loss of data
d:\documents\2-travaux en cours\cours de rendu -levieux\exercice 1\exercice 1\_minecraft\src\objects\cube.h(427): warning C4244: '=' : conversion from 'double' to 'float', possible loss of data
d:\documents\2-travaux en cours\cours de rendu -levieux\exercice 1\exercice 1\_minecraft\src\objects\cube.h(429): warning C4244: '=' : conversion from 'double' to 'float', possible loss of data
d:\documents\2-travaux en cours\cours de rendu -levieux\exercice 1\exercice 1\_minecraft\src\objects\cube.h(430): warning C4244: '=' : conversion from 'double' to 'float', possible loss of data
d:\documents\2-travaux en cours\cours de rendu -levieux\exercice 1\exercice 1\_minecraft\src\objects\cube.h(431): warning C4244: '=' : conversion from 'double' to 'float', possible loss of data
d:\documents\2-travaux en cours\cours de rendu -levieux\exercice 1\exercice 1\_minecraft\src\objects\world.h(143): warning C4244: 'argument' : conversion from 'int' to 'float', possible loss of data
d:\documents\2-travaux en cours\cours de rendu -levieux\exercice 1\exercice 1\_minecraft\src\objects\world.h(144): warning C4244: 'argument' : conversion from 'int' to 'float', possible loss of data
d:\documents\2-travaux en cours\cours de rendu -levieux\exercice 1\exercice 1\_minecraft\src\objects\world.h(145): warning C4244: 'argument' : conversion from 'int' to 'float', possible loss of data
d:\documents\2-travaux en cours\cours de rendu -levieux\exercice 1\exercice 1\_minecraft\src\objects\world.h(146): warning C4244: 'argument' : conversion from 'int' to 'float', possible loss of data
d:\documents\2-travaux en cours\cours de rendu -levieux\exercice 1\exercice 1\_minecraft\src\objects\world.h(147): warning C4244: 'argument' : conversion from 'int' to 'float', possible loss of data
d:\documents\2-travaux en cours\cours de rendu -levieux\exercice 1\exercice 1\_minecraft\src\objects\world.h(150): warning C4244: 'argument' : conversion from 'double' to 'int', possible loss of data
d:\documents\2-travaux en cours\cours de rendu -levieux\exercice 1\exercice 1\_minecraft\src\objects\world.h(150): warning C4244: 'argument' : conversion from 'float' to 'int', possible loss of data
d:\documents\2-travaux en cours\cours de rendu -levieux\exercice 1\exercice 1\_minecraft\src\objects\world.h(151): warning C4244: 'argument' : conversion from 'double' to 'int', possible loss of data
d:\documents\2-travaux en cours\cours de rendu -levieux\exercice 1\exercice 1\_minecraft\src\objects\world.h(151): warning C4244: 'argument' : conversion from 'float' to 'int', possible loss of data
d:\documents\2-travaux en cours\cours de rendu -levieux\exercice 1\exercice 1\_minecraft\src\objects\world.h(152): warning C4244: 'argument' : conversion from 'double' to 'int', possible loss of data
d:\documents\2-travaux en cours\cours de rendu -levieux\exercice 1\exercice 1\_minecraft\src\objects\world.h(152): warning C4244: 'argument' : conversion from 'float' to 'int', possible loss of data
d:\documents\2-travaux en cours\cours de rendu -levieux\exercice 1\exercice 1\_minecraft\src\objects\world.h(153): warning C4244: 'argument' : conversion from 'double' to 'int', possible loss of data
d:\documents\2-travaux en cours\cours de rendu -levieux\exercice 1\exercice 1\_minecraft\src\objects\world.h(153): warning C4244: 'argument' : conversion from 'float' to 'int', possible loss of data
d:\documents\2-travaux en cours\cours de rendu -levieux\exercice 1\exercice 1\_minecraft\src\objects\world.h(155): warning C4244: 'argument' : conversion from 'double' to 'int', possible loss of data
d:\documents\2-travaux en cours\cours de rendu -levieux\exercice 1\exercice 1\_minecraft\src\objects\world.h(155): warning C4244: 'argument' : conversion from 'float' to 'int', possible loss of data
d:\documents\2-travaux en cours\cours de rendu -levieux\exercice 1\exercice 1\_minecraft\src\objects\world.h(157): warning C4244: 'argument' : conversion from 'float' to 'int', possible loss of data
d:\documents\2-travaux en cours\cours de rendu -levieux\exercice 1\exercice 1\_minecraft\src\objects\world.h(158): warning C4244: 'argument' : conversion from 'float' to 'int', possible loss of data
d:\documents\2-travaux en cours\cours de rendu -levieux\exercice 1\exercice 1\_minecraft\src\objects\world.h(159): warning C4244: 'argument' : conversion from 'float' to 'int', possible loss of data
d:\documents\2-travaux en cours\cours de rendu -levieux\exercice 1\exercice 1\_minecraft\src\objects\world.h(160): warning C4244: 'argument' : conversion from 'float' to 'int', possible loss of data
d:\documents\2-travaux en cours\cours de rendu -levieux\exercice 1\exercice 1\_minecraft\src\objects\world.h(178): warning C4244: 'argument' : conversion from 'int' to 'float', possible loss of data
d:\documents\2-travaux en cours\cours de rendu -levieux\exercice 1\exercice 1\_minecraft\src\objects\world.h(184): warning C4244: 'argument' : conversion from 'int' to 'float', possible loss of data
d:\documents\2-travaux en cours\cours de rendu -levieux\exercice 1\exercice 1\_minecraft\src\objects\world.h(214): warning C4244: 'argument' : conversion from 'float' to 'int', possible loss of data
d:\documents\2-travaux en cours\cours de rendu -levieux\exercice 1\exercice 1\_minecraft\src\objects\world.h(244): warning C4244: 'argument' : conversion from 'time_t' to 'unsigned int', possible loss of data
d:\documents\2-travaux en cours\cours de rendu -levieux\exercice 1\exercice 1\_minecraft\src\objects\world.h(263): warning C4244: 'initializing' : conversion from 'double' to 'int', possible loss of data
d:\documents\2-travaux en cours\cours de rendu -levieux\exercice 1\exercice 1\_minecraft\src\main.cpp(222): warning C4244: 'argument' : conversion from 'int' to 'float', possible loss of data
d:\documents\2-travaux en cours\cours de rendu -levieux\exercice 1\exercice 1\_minecraft\src\main.cpp(260): warning C4244: 'argument' : conversion from 'double' to 'float', possible loss of data
d:\documents\2-travaux en cours\cours de rendu -levieux\exercice 1\exercice 1\_minecraft\src\main.cpp(266): warning C4244: 'argument' : conversion from 'double' to 'float', possible loss of data
d:\documents\2-travaux en cours\cours de rendu -levieux\exercice 1\exercice 1\_minecraft\src\main.cpp(267): warning C4244: 'argument' : conversion from 'double' to 'float', possible loss of data
  Generating Code...
  base.vcxproj -> D:\Documents\2-Travaux En Cours\Cours de rendu -Levieux\Exercice 1\Exercice 1\_minecraft\Debug\base.exe
